#
# There is insufficient memory for the Java Runtime Environment to continue.
# Native memory allocation (malloc) failed to allocate 374544 bytes for Chunk::new
# Possible reasons:
#   The system is out of physical RAM or swap space
#   The process is running with CompressedOops enabled, and the Java Heap may be blocking the growth of the native heap
# Possible solutions:
#   Reduce memory load on the system
#   Increase physical memory or swap space
#   Check if swap backing store is full
#   Decrease Java heap size (-Xmx/-Xms)
#   Decrease number of Java threads
#   Decrease Java thread stack sizes (-Xss)
#   Set larger code cache with -XX:ReservedCodeCacheSize=
#   JVM is running with Unscaled Compressed Oops mode in which the Java heap is
#     placed in the first 4GB address space. The Java Heap base address is the
#     maximum limit for the native heap growth. Please use -XX:HeapBaseMinAddress
#     to set the Java Heap base and to place the Java Heap above 4GB virtual address.
# This output file may be truncated or incomplete.
#
#  Out of Memory Error (arena.cpp:184), pid=17120, tid=23544
#
# JRE version: Java(TM) SE Runtime Environment (20.0.1+9) (build 20.0.1+9-29)
# Java VM: Java HotSpot(TM) 64-Bit Server VM (20.0.1+9-29, mixed mode, sharing, tiered, compressed oops, compressed class ptrs, g1 gc, windows-amd64)
# No core dump will be written. Minidumps are not enabled by default on client versions of Windows
#

---------------  S U M M A R Y ------------

Command Line: -javaagent:C:\Program Files\JetBrains\IntelliJ IDEA Community Edition 2022.2.3\lib\idea_rt.jar=58591:C:\Program Files\JetBrains\IntelliJ IDEA Community Edition 2022.2.3\bin -Dfile.encoding=UTF-8 -Dsun.stdout.encoding=UTF-8 -Dsun.stderr.encoding=UTF-8 CertifyOS.Email_Integration.EmailIntegrationApplication

Host: AMD Ryzen 5 5600H with Radeon Graphics         , 12 cores, 7G,  Windows 11 , 64 bit Build 22621 (10.0.22621.3958)
Time: Mon Sep 23 19:21:23 2024 Eastern Daylight Time elapsed time: 5.742067 seconds (0d 0h 0m 5s)

---------------  T H R E A D  ---------------

Current thread (0x000001d3398e44f0):  JavaThread "C2 CompilerThread0" daemon [_thread_in_native, id=23544, stack(0x00000010e1c00000,0x00000010e1d00000)]


Current CompileTask:
C2:   5742 4487       4       jdk.internal.org.objectweb.asm.SymbolTable::addConstantMemberReference (147 bytes)

Stack: [0x00000010e1c00000,0x00000010e1d00000]
Native frames: (J=compiled Java code, j=interpreted, Vv=VM code, C=native code)
V  [jvm.dll+0x6bb95a]
V  [jvm.dll+0x8485fa]
V  [jvm.dll+0x84a1f5]
V  [jvm.dll+0x84a8f3]
V  [jvm.dll+0x280b0f]
V  [jvm.dll+0xc2b11]
V  [jvm.dll+0xc2e35]
V  [jvm.dll+0x3bb17c]
V  [jvm.dll+0x1e6c43]
V  [jvm.dll+0x24b3ab]
V  [jvm.dll+0x24a651]
V  [jvm.dll+0x1ce491]
V  [jvm.dll+0x259e1b]
V  [jvm.dll+0x2584f0]
V  [jvm.dll+0x3f2895]
V  [jvm.dll+0x7f4b56]
V  [jvm.dll+0x6ba5cb]
C  [ucrtbase.dll+0x29333]
C  [KERNEL32.DLL+0x1257d]
C  [ntdll.dll+0x5af28]


---------------  P R O C E S S  ---------------

Threads class SMR info:
_java_thread_list=0x000001d33f182620, length=18, elements={
0x000001d31cde11d0, 0x000001d3398ca700, 0x000001d3398cd650, 0x000001d3398cf930,
0x000001d3398d2290, 0x000001d3398d59e0, 0x000001d3398d6480, 0x000001d3398e44f0,
0x000001d3398e7160, 0x000001d3398d5f30, 0x000001d3398d5490, 0x000001d3398d3f50,
0x000001d33f511ff0, 0x000001d33f510010, 0x000001d33f510560, 0x000001d33f50dae0,
0x000001d33f512540, 0x000001d33f513a80
}

Java Threads: ( => current thread )
  0x000001d31cde11d0 JavaThread "main" [_thread_in_vm, id=29460, stack(0x00000010e0f00000,0x00000010e1000000)]
  0x000001d3398ca700 JavaThread "Reference Handler" daemon [_thread_blocked, id=27348, stack(0x00000010e1600000,0x00000010e1700000)]
  0x000001d3398cd650 JavaThread "Finalizer" daemon [_thread_blocked, id=30808, stack(0x00000010e1700000,0x00000010e1800000)]
  0x000001d3398cf930 JavaThread "Signal Dispatcher" daemon [_thread_blocked, id=22552, stack(0x00000010e1800000,0x00000010e1900000)]
  0x000001d3398d2290 JavaThread "Attach Listener" daemon [_thread_blocked, id=16440, stack(0x00000010e1900000,0x00000010e1a00000)]
  0x000001d3398d59e0 JavaThread "Service Thread" daemon [_thread_blocked, id=32200, stack(0x00000010e1a00000,0x00000010e1b00000)]
  0x000001d3398d6480 JavaThread "Monitor Deflation Thread" daemon [_thread_blocked, id=22372, stack(0x00000010e1b00000,0x00000010e1c00000)]
=>0x000001d3398e44f0 JavaThread "C2 CompilerThread0" daemon [_thread_in_native, id=23544, stack(0x00000010e1c00000,0x00000010e1d00000)]
  0x000001d3398e7160 JavaThread "C1 CompilerThread0" daemon [_thread_blocked, id=34832, stack(0x00000010e1d00000,0x00000010e1e00000)]
  0x000001d3398d5f30 JavaThread "Common-Cleaner" daemon [_thread_blocked, id=17896, stack(0x00000010e1e00000,0x00000010e1f00000)]
  0x000001d3398d5490 JavaThread "Monitor Ctrl-Break" daemon [_thread_in_native, id=31748, stack(0x00000010e1f00000,0x00000010e2000000)]
  0x000001d3398d3f50 JavaThread "Notification Thread" daemon [_thread_blocked, id=13684, stack(0x00000010e2000000,0x00000010e2100000)]
  0x000001d33f511ff0 JavaThread "Catalina-utility-1" [_thread_blocked, id=33452, stack(0x00000010e2d00000,0x00000010e2e00000)]
  0x000001d33f510010 JavaThread "Catalina-utility-2" [_thread_blocked, id=23008, stack(0x00000010e2e00000,0x00000010e2f00000)]
  0x000001d33f510560 JavaThread "container-0" [_thread_blocked, id=17196, stack(0x00000010e2f00000,0x00000010e3000000)]
  0x000001d33f50dae0 JavaThread "mysql-cj-abandoned-connection-cleanup" daemon [_thread_blocked, id=11256, stack(0x00000010e3000000,0x00000010e3100000)]
  0x000001d33f512540 JavaThread "HikariPool-1 housekeeper" daemon [_thread_blocked, id=33464, stack(0x00000010e3200000,0x00000010e3300000)]
  0x000001d33f513a80 JavaThread "HikariPool-1 connection adder" daemon [_thread_blocked, id=27268, stack(0x00000010e3300000,0x00000010e3400000)]

Other Threads:
  0x000001d3398aa3e0 VMThread "VM Thread" [stack: 0x00000010e1500000,0x00000010e1600000] [id=14864]
  0x000001d33dffec20 WatcherThread "VM Periodic Task Thread" [stack: 0x00000010e2100000,0x00000010e2200000] [id=24652]
  0x000001d31ce3abc0 WorkerThread "GC Thread#0" [stack: 0x00000010e1000000,0x00000010e1100000] [id=29668]
  0x000001d33e93a340 WorkerThread "GC Thread#1" [stack: 0x00000010e2200000,0x00000010e2300000] [id=33248]
  0x000001d33e93b9c0 WorkerThread "GC Thread#2" [stack: 0x00000010e2300000,0x00000010e2400000] [id=22688]
  0x000001d33e93b6f0 WorkerThread "GC Thread#3" [stack: 0x00000010e2400000,0x00000010e2500000] [id=18184]
  0x000001d33e93abb0 WorkerThread "GC Thread#4" [stack: 0x00000010e2500000,0x00000010e2600000] [id=12032]
  0x000001d33e93a610 WorkerThread "GC Thread#5" [stack: 0x00000010e2600000,0x00000010e2700000] [id=26052]
  0x000001d33e93b420 WorkerThread "GC Thread#6" [stack: 0x00000010e2800000,0x00000010e2900000] [id=29456]
  0x000001d33e93bc90 WorkerThread "GC Thread#7" [stack: 0x00000010e2900000,0x00000010e2a00000] [id=34680]
  0x000001d33e93a070 WorkerThread "GC Thread#8" [stack: 0x00000010e2a00000,0x00000010e2b00000] [id=32884]
  0x000001d33edbc360 WorkerThread "GC Thread#9" [stack: 0x00000010e2b00000,0x00000010e2c00000] [id=10500]
  0x000001d31ce4a7b0 ConcurrentGCThread "G1 Main Marker" [stack: 0x00000010e1100000,0x00000010e1200000] [id=3828]
  0x000001d31ce4b1e0 WorkerThread "G1 Conc#0" [stack: 0x00000010e1200000,0x00000010e1300000] [id=17844]
  0x000001d33edbd440 WorkerThread "G1 Conc#1" [stack: 0x00000010e2700000,0x00000010e2800000] [id=34644]
  0x000001d33edbc900 WorkerThread "G1 Conc#2" [stack: 0x00000010e2c00000,0x00000010e2d00000] [id=30200]
  0x000001d339769560 ConcurrentGCThread "G1 Refine#0" [stack: 0x00000010e1300000,0x00000010e1400000] [id=34472]
  0x000001d31ce8e620 ConcurrentGCThread "G1 Service" [stack: 0x00000010e1400000,0x00000010e1500000] [id=20288]

Threads with active compile tasks:
C2 CompilerThread0     5775 4487       4       jdk.internal.org.objectweb.asm.SymbolTable::addConstantMemberReference (147 bytes)

VM state: not at safepoint (normal execution)

VM Mutex/Monitor currently owned by a thread:  ([mutex/lock_event])
[0x000001d31cdcc310] Metaspace_lock - owner thread: 0x000001d31cde11d0

Heap address: 0x000000008a600000, size: 1882 MB, Compressed Oops mode: 32-bit

CDS archive(s) mapped at: [0x0000000800000000-0x0000000800c60000-0x0000000800c60000), size 12976128, SharedBaseAddress: 0x0000000800000000, ArchiveRelocationMode: 0.
Compressed class space mapped at: 0x0000000801000000-0x0000000841000000, reserved size: 1073741824
Narrow klass base: 0x0000000800000000, Narrow klass shift: 0, Narrow klass range: 0x100000000

GC Precious Log:
 CardTable entry size: 512
 Card Set container configuration: InlinePtr #cards 5 size 8 Array Of Cards #cards 12 size 40 Howl #buckets 4 coarsen threshold 1843 Howl Bitmap #cards 512 size 80 coarsen threshold 460 Card regions per heap region 1 cards per card region 2048
 CPUs: 12 total, 12 available
 Memory: 7521M
 Large Page Support: Disabled
 NUMA Support: Disabled
 Compressed Oops: Enabled (32-bit)
 Heap Region Size: 1M
 Heap Min Capacity: 8M
 Heap Initial Capacity: 118M
 Heap Max Capacity: 1882M
 Pre-touch: Disabled
 Parallel Workers: 10
 Concurrent Workers: 3
 Concurrent Refinement Workers: 10
 Periodic GC: Disabled

Heap:
 garbage-first heap   total 51200K, used 36891K [0x000000008a600000, 0x0000000100000000)
  region size 1024K, 21 young (21504K), 2 survivors (2048K)
 Metaspace       used 44326K, committed 44864K, reserved 1114112K
  class space    used 5610K, committed 5824K, reserved 1048576K

Heap Regions: E=young(eden), S=young(survivor), O=old, HS=humongous(starts), HC=humongous(continues), CS=collection set, F=free, OA=open archive, CA=closed archive, TAMS=top-at-mark-start, PB=parsable bottom
|   0|0x000000008a600000, 0x000000008a700000, 0x000000008a700000|100%|HS|  |TAMS 0x000000008a600000| PB 0x000000008a600000| Complete 
|   1|0x000000008a700000, 0x000000008a800000, 0x000000008a800000|100%| O|  |TAMS 0x000000008a700000| PB 0x000000008a700000| Untracked 
|   2|0x000000008a800000, 0x000000008a900000, 0x000000008a900000|100%| O|  |TAMS 0x000000008a800000| PB 0x000000008a800000| Untracked 
|   3|0x000000008a900000, 0x000000008aa00000, 0x000000008aa00000|100%| O|  |TAMS 0x000000008a900000| PB 0x000000008a900000| Untracked 
|   4|0x000000008aa00000, 0x000000008ab00000, 0x000000008ab00000|100%| O|  |TAMS 0x000000008aa00000| PB 0x000000008aa00000| Untracked 
|   5|0x000000008ab00000, 0x000000008ac00000, 0x000000008ac00000|100%| O|  |TAMS 0x000000008ab00000| PB 0x000000008ab00000| Untracked 
|   6|0x000000008ac00000, 0x000000008acfc200, 0x000000008ad00000| 98%| O|  |TAMS 0x000000008ac00000| PB 0x000000008ac00000| Untracked 
|   7|0x000000008ad00000, 0x000000008ae00000, 0x000000008ae00000|100%| O|  |TAMS 0x000000008ad00000| PB 0x000000008ad00000| Untracked 
|   8|0x000000008ae00000, 0x000000008af00000, 0x000000008af00000|100%| O|  |TAMS 0x000000008ae00000| PB 0x000000008ae00000| Untracked 
|   9|0x000000008af00000, 0x000000008b000000, 0x000000008b000000|100%| O|  |TAMS 0x000000008af00000| PB 0x000000008af00000| Untracked 
|  10|0x000000008b000000, 0x000000008b100000, 0x000000008b100000|100%| O|  |TAMS 0x000000008b000000| PB 0x000000008b000000| Untracked 
|  11|0x000000008b100000, 0x000000008b200000, 0x000000008b200000|100%| O|  |TAMS 0x000000008b100000| PB 0x000000008b100000| Untracked 
|  12|0x000000008b200000, 0x000000008b300000, 0x000000008b300000|100%| O|  |TAMS 0x000000008b200000| PB 0x000000008b200000| Untracked 
|  13|0x000000008b300000, 0x000000008b400000, 0x000000008b400000|100%| O|  |TAMS 0x000000008b300000| PB 0x000000008b300000| Untracked 
|  14|0x000000008b400000, 0x000000008b500000, 0x000000008b500000|100%| O|  |TAMS 0x000000008b400000| PB 0x000000008b400000| Untracked 
|  15|0x000000008b500000, 0x000000008b600000, 0x000000008b600000|100%| O|  |TAMS 0x000000008b500000| PB 0x000000008b500000| Complete 
|  16|0x000000008b600000, 0x000000008b700000, 0x000000008b700000|100%| O|  |TAMS 0x000000008b600000| PB 0x000000008b600000| Untracked 
|  17|0x000000008b700000, 0x000000008b7f0600, 0x000000008b800000| 93%| O|  |TAMS 0x000000008b700000| PB 0x000000008b700000| Untracked 
|  18|0x000000008b800000, 0x000000008b800000, 0x000000008b900000|  0%| F|  |TAMS 0x000000008b800000| PB 0x000000008b800000| Untracked 
|  19|0x000000008b900000, 0x000000008b900000, 0x000000008ba00000|  0%| F|  |TAMS 0x000000008b900000| PB 0x000000008b900000| Untracked 
|  20|0x000000008ba00000, 0x000000008ba00000, 0x000000008bb00000|  0%| F|  |TAMS 0x000000008ba00000| PB 0x000000008ba00000| Untracked 
|  21|0x000000008bb00000, 0x000000008bb00000, 0x000000008bc00000|  0%| F|  |TAMS 0x000000008bb00000| PB 0x000000008bb00000| Untracked 
|  22|0x000000008bc00000, 0x000000008bc00000, 0x000000008bd00000|  0%| F|  |TAMS 0x000000008bc00000| PB 0x000000008bc00000| Untracked 
|  23|0x000000008bd00000, 0x000000008bd00000, 0x000000008be00000|  0%| F|  |TAMS 0x000000008bd00000| PB 0x000000008bd00000| Untracked 
|  24|0x000000008be00000, 0x000000008be00000, 0x000000008bf00000|  0%| F|  |TAMS 0x000000008be00000| PB 0x000000008be00000| Untracked 
|  25|0x000000008bf00000, 0x000000008bf00000, 0x000000008c000000|  0%| F|  |TAMS 0x000000008bf00000| PB 0x000000008bf00000| Untracked 
|  26|0x000000008c000000, 0x000000008c000000, 0x000000008c100000|  0%| F|  |TAMS 0x000000008c000000| PB 0x000000008c000000| Untracked 
|  27|0x000000008c100000, 0x000000008c100000, 0x000000008c200000|  0%| F|  |TAMS 0x000000008c100000| PB 0x000000008c100000| Untracked 
|  28|0x000000008c200000, 0x000000008c200000, 0x000000008c300000|  0%| F|  |TAMS 0x000000008c200000| PB 0x000000008c200000| Untracked 
|  29|0x000000008c300000, 0x000000008c36edf8, 0x000000008c400000| 43%| E|  |TAMS 0x000000008c300000| PB 0x000000008c300000| Complete 
|  30|0x000000008c400000, 0x000000008c41a490, 0x000000008c500000| 10%| S|CS|TAMS 0x000000008c400000| PB 0x000000008c400000| Complete 
|  31|0x000000008c500000, 0x000000008c600000, 0x000000008c600000|100%| S|CS|TAMS 0x000000008c500000| PB 0x000000008c500000| Complete 
|  32|0x000000008c600000, 0x000000008c700000, 0x000000008c700000|100%| E|CS|TAMS 0x000000008c600000| PB 0x000000008c600000| Complete 
|  33|0x000000008c700000, 0x000000008c800000, 0x000000008c800000|100%| E|  |TAMS 0x000000008c700000| PB 0x000000008c700000| Complete 
|  34|0x000000008c800000, 0x000000008c900000, 0x000000008c900000|100%| E|CS|TAMS 0x000000008c800000| PB 0x000000008c800000| Complete 
|  35|0x000000008c900000, 0x000000008ca00000, 0x000000008ca00000|100%| E|CS|TAMS 0x000000008c900000| PB 0x000000008c900000| Complete 
|  36|0x000000008ca00000, 0x000000008cb00000, 0x000000008cb00000|100%| E|CS|TAMS 0x000000008ca00000| PB 0x000000008ca00000| Complete 
|  37|0x000000008cb00000, 0x000000008cc00000, 0x000000008cc00000|100%| E|CS|TAMS 0x000000008cb00000| PB 0x000000008cb00000| Complete 
|  38|0x000000008cc00000, 0x000000008cd00000, 0x000000008cd00000|100%| E|CS|TAMS 0x000000008cc00000| PB 0x000000008cc00000| Complete 
|  39|0x000000008cd00000, 0x000000008ce00000, 0x000000008ce00000|100%| E|CS|TAMS 0x000000008cd00000| PB 0x000000008cd00000| Complete 
|  40|0x000000008ce00000, 0x000000008cf00000, 0x000000008cf00000|100%| E|CS|TAMS 0x000000008ce00000| PB 0x000000008ce00000| Complete 
|  41|0x000000008cf00000, 0x000000008d000000, 0x000000008d000000|100%| E|CS|TAMS 0x000000008cf00000| PB 0x000000008cf00000| Complete 
|  61|0x000000008e300000, 0x000000008e400000, 0x000000008e400000|100%| E|CS|TAMS 0x000000008e300000| PB 0x000000008e300000| Complete 
|  62|0x000000008e400000, 0x000000008e500000, 0x000000008e500000|100%| E|CS|TAMS 0x000000008e400000| PB 0x000000008e400000| Complete 
|  63|0x000000008e500000, 0x000000008e600000, 0x000000008e600000|100%| E|CS|TAMS 0x000000008e500000| PB 0x000000008e500000| Complete 
|  64|0x000000008e600000, 0x000000008e700000, 0x000000008e700000|100%| E|CS|TAMS 0x000000008e600000| PB 0x000000008e600000| Complete 
|  65|0x000000008e700000, 0x000000008e800000, 0x000000008e800000|100%| E|CS|TAMS 0x000000008e700000| PB 0x000000008e700000| Complete 
|  66|0x000000008e800000, 0x000000008e900000, 0x000000008e900000|100%| E|CS|TAMS 0x000000008e800000| PB 0x000000008e800000| Complete 
|  67|0x000000008e900000, 0x000000008ea00000, 0x000000008ea00000|100%| E|CS|TAMS 0x000000008e900000| PB 0x000000008e900000| Complete 
| 117|0x0000000091b00000, 0x0000000091c00000, 0x0000000091c00000|100%| E|CS|TAMS 0x0000000091b00000| PB 0x0000000091b00000| Complete 

Card table byte_map: [0x000001d334780000,0x000001d334b30000] _byte_map_base: 0x000001d33432d000

Marking Bits: (CMBitMap*) 0x000001d31ce3b1f0
 Bits: [0x000001d334ee0000, 0x000001d336c48000)

Polling page: 0x000001d31ad60000

Metaspace:

Usage:
  Non-class:     37.81 MB used.
      Class:      5.48 MB used.
       Both:     43.29 MB used.

Virtual space:
  Non-class space:       64.00 MB reserved,      38.12 MB ( 60%) committed,  1 nodes.
      Class space:        1.00 GB reserved,       5.69 MB ( <1%) committed,  1 nodes.
             Both:        1.06 GB reserved,      43.81 MB (  4%) committed. 

Chunk freelists:
   Non-Class:  1.11 MB
       Class:  2.30 MB
        Both:  3.41 MB

MaxMetaspaceSize: unlimited
CompressedClassSpaceSize: 1.00 GB
Initial GC threshold: 21.00 MB
Current GC threshold: 58.69 MB
CDS: on
MetaspaceReclaimPolicy: balanced
 - commit_granule_bytes: 65536.
 - commit_granule_words: 8192.
 - virtual_space_node_default_size: 8388608.
 - enlarge_chunks_in_place: 1.
 - new_chunks_are_fully_committed: 0.
 - uncommit_free_chunks: 1.
 - use_allocation_guard: 0.


Internal statistics:

num_allocs_failed_limit: 6.
num_arena_births: 690.
num_arena_deaths: 0.
num_vsnodes_births: 2.
num_vsnodes_deaths: 0.
num_space_committed: 701.
num_space_uncommitted: 0.
num_chunks_returned_to_freelist: 6.
num_chunks_taken_from_freelist: 2188.
num_chunk_merges: 6.
num_chunk_splits: 1505.
num_chunks_enlarged: 1099.
num_inconsistent_stats: 0.

CodeHeap 'non-profiled nmethods': size=120000Kb used=1904Kb max_used=1904Kb free=118095Kb
 bounds [0x000001d32c950000, 0x000001d32cbc0000, 0x000001d333e80000]
CodeHeap 'profiled nmethods': size=120000Kb used=8281Kb max_used=8320Kb free=111719Kb
 bounds [0x000001d324e80000, 0x000001d3256b0000, 0x000001d32c3b0000]
CodeHeap 'non-nmethods': size=5760Kb used=1629Kb max_used=1660Kb free=4130Kb
 bounds [0x000001d32c3b0000, 0x000001d32c620000, 0x000001d32c950000]
 total_blobs=4741 nmethods=4117 adapters=533
 compilation: enabled
              stopped_count=0, restarted_count=0
 full_count=0

Compilation events (20 events):
Event: 5.692 Thread 0x000001d3398e7160 4486       3       java.util.Arrays$ArrayList::get (7 bytes)
Event: 5.692 Thread 0x000001d3398e7160 nmethod 4486 0x000001d325261a90 code [0x000001d325261c20, 0x000001d325261d58]
Event: 5.692 Thread 0x000001d3398e44f0 nmethod 4460 0x000001d32cb2ad90 code [0x000001d32cb2af00, 0x000001d32cb2b040]
Event: 5.692 Thread 0x000001d3398e44f0 4485       4       jdk.internal.org.objectweb.asm.ByteVector::put122 (93 bytes)
Event: 5.693 Thread 0x000001d3398e44f0 nmethod 4485 0x000001d32cb2b210 code [0x000001d32cb2b380, 0x000001d32cb2b570]
Event: 5.693 Thread 0x000001d3398e44f0 4487       4       jdk.internal.org.objectweb.asm.SymbolTable::addConstantMemberReference (147 bytes)
Event: 5.704 Thread 0x000001d3398e7160 4490       3       java.lang.reflect.AccessibleObject::slowVerifyAccess (67 bytes)
Event: 5.705 Thread 0x000001d3398e7160 nmethod 4490 0x000001d324f01c10 code [0x000001d324f01e20, 0x000001d324f02588]
Event: 5.705 Thread 0x000001d3398e7160 4491       3       java.lang.invoke.MethodType::methodType (21 bytes)
Event: 5.705 Thread 0x000001d3398e7160 nmethod 4491 0x000001d325261610 code [0x000001d3252617c0, 0x000001d325261988]
Event: 5.705 Thread 0x000001d3398e7160 4492       3       jdk.internal.reflect.Reflection::verifyModuleAccess (24 bytes)
Event: 5.706 Thread 0x000001d3398e7160 nmethod 4492 0x000001d324f01290 code [0x000001d324f01480, 0x000001d324f019a8]
Event: 5.706 Thread 0x000001d3398e7160 4493       1       java.lang.reflect.Field::getModifiers (5 bytes)
Event: 5.706 Thread 0x000001d3398e7160 nmethod 4493 0x000001d32cb2ba10 code [0x000001d32cb2bb80, 0x000001d32cb2bc48]
Event: 5.706 Thread 0x000001d3398e7160 4494       1       java.lang.reflect.Field::getType (5 bytes)
Event: 5.706 Thread 0x000001d3398e7160 nmethod 4494 0x000001d32cb2bd10 code [0x000001d32cb2be80, 0x000001d32cb2bf48]
Event: 5.720 Thread 0x000001d3398e7160 4496       3       java.util.Calendar::internalSet (8 bytes)
Event: 5.721 Thread 0x000001d3398e7160 nmethod 4496 0x000001d325261190 code [0x000001d325261320, 0x000001d325261458]
Event: 5.739 Thread 0x000001d3398e7160 4497       1       org.hibernate.type.descriptor.java.AbstractClassJavaType::getJavaType (5 bytes)
Event: 5.739 Thread 0x000001d3398e7160 nmethod 4497 0x000001d32cb2c010 code [0x000001d32cb2c180, 0x000001d32cb2c248]

GC Heap History (12 events):
Event: 1.099 GC heap before
{Heap before GC invocations=0 (full 0):
 garbage-first heap   total 120832K, used 24576K [0x000000008a600000, 0x0000000100000000)
  region size 1024K, 23 young (23552K), 0 survivors (0K)
 Metaspace       used 6527K, committed 6784K, reserved 1114112K
  class space    used 754K, committed 896K, reserved 1048576K
}
Event: 1.108 GC heap after
{Heap after GC invocations=1 (full 0):
 garbage-first heap   total 120832K, used 7064K [0x000000008a600000, 0x0000000100000000)
  region size 1024K, 3 young (3072K), 3 survivors (3072K)
 Metaspace       used 6527K, committed 6784K, reserved 1114112K
  class space    used 754K, committed 896K, reserved 1048576K
}
Event: 1.655 GC heap before
{Heap before GC invocations=1 (full 0):
 garbage-first heap   total 120832K, used 34712K [0x000000008a600000, 0x0000000100000000)
  region size 1024K, 31 young (31744K), 3 survivors (3072K)
 Metaspace       used 14078K, committed 14336K, reserved 1114112K
  class space    used 1658K, committed 1792K, reserved 1048576K
}
Event: 1.660 GC heap after
{Heap after GC invocations=2 (full 0):
 garbage-first heap   total 120832K, used 9844K [0x000000008a600000, 0x0000000100000000)
  region size 1024K, 3 young (3072K), 3 survivors (3072K)
 Metaspace       used 14078K, committed 14336K, reserved 1114112K
  class space    used 1658K, committed 1792K, reserved 1048576K
}
Event: 2.708 GC heap before
{Heap before GC invocations=2 (full 0):
 garbage-first heap   total 120832K, used 56948K [0x000000008a600000, 0x0000000100000000)
  region size 1024K, 50 young (51200K), 3 survivors (3072K)
 Metaspace       used 21232K, committed 21504K, reserved 1114112K
  class space    used 2509K, committed 2624K, reserved 1048576K
}
Event: 2.719 GC heap after
{Heap after GC invocations=3 (full 0):
 garbage-first heap   total 120832K, used 13908K [0x000000008a600000, 0x0000000100000000)
  region size 1024K, 7 young (7168K), 7 survivors (7168K)
 Metaspace       used 21232K, committed 21504K, reserved 1114112K
  class space    used 2509K, committed 2624K, reserved 1048576K
}
Event: 3.396 GC heap before
{Heap before GC invocations=4 (full 0):
 garbage-first heap   total 51200K, used 37460K [0x000000008a600000, 0x0000000100000000)
  region size 1024K, 30 young (30720K), 7 survivors (7168K)
 Metaspace       used 25458K, committed 25920K, reserved 1114112K
  class space    used 3147K, committed 3392K, reserved 1048576K
}
Event: 3.409 GC heap after
{Heap after GC invocations=5 (full 0):
 garbage-first heap   total 51200K, used 16355K [0x000000008a600000, 0x0000000100000000)
  region size 1024K, 3 young (3072K), 3 survivors (3072K)
 Metaspace       used 25458K, committed 25920K, reserved 1114112K
  class space    used 3147K, committed 3392K, reserved 1048576K
}
Event: 4.043 GC heap before
{Heap before GC invocations=5 (full 0):
 garbage-first heap   total 51200K, used 38883K [0x000000008a600000, 0x0000000100000000)
  region size 1024K, 26 young (26624K), 3 survivors (3072K)
 Metaspace       used 30579K, committed 31104K, reserved 1114112K
  class space    used 3776K, committed 4032K, reserved 1048576K
}
Event: 4.047 GC heap after
{Heap after GC invocations=6 (full 0):
 garbage-first heap   total 51200K, used 18323K [0x000000008a600000, 0x0000000100000000)
  region size 1024K, 2 young (2048K), 2 survivors (2048K)
 Metaspace       used 30579K, committed 31104K, reserved 1114112K
  class space    used 3776K, committed 4032K, reserved 1048576K
}
Event: 4.692 GC heap before
{Heap before GC invocations=6 (full 0):
 garbage-first heap   total 51200K, used 35731K [0x000000008a600000, 0x0000000100000000)
  region size 1024K, 20 young (20480K), 2 survivors (2048K)
 Metaspace       used 35460K, committed 35968K, reserved 1114112K
  class space    used 4544K, committed 4800K, reserved 1048576K
}
Event: 4.695 GC heap after
{Heap after GC invocations=7 (full 0):
 garbage-first heap   total 51200K, used 19483K [0x000000008a600000, 0x0000000100000000)
  region size 1024K, 2 young (2048K), 2 survivors (2048K)
 Metaspace       used 35460K, committed 35968K, reserved 1114112K
  class space    used 4544K, committed 4800K, reserved 1048576K
}

Dll operation events (14 events):
Event: 0.015 Loaded shared library C:\Program Files\Java\jdk-20\bin\java.dll
Event: 0.178 Loaded shared library C:\Program Files\Java\jdk-20\bin\jsvml.dll
Event: 0.330 Loaded shared library C:\Program Files\Java\jdk-20\bin\zip.dll
Event: 0.336 Loaded shared library C:\Program Files\Java\jdk-20\bin\instrument.dll
Event: 0.348 Loaded shared library C:\Program Files\Java\jdk-20\bin\net.dll
Event: 0.351 Loaded shared library C:\Program Files\Java\jdk-20\bin\nio.dll
Event: 0.355 Loaded shared library C:\Program Files\Java\jdk-20\bin\zip.dll
Event: 0.477 Loaded shared library C:\Program Files\JetBrains\IntelliJ IDEA Community Edition 2022.2.3\bin\breakgen64.dll
Event: 0.489 Loaded shared library C:\Program Files\Java\jdk-20\bin\extnet.dll
Event: 0.530 Loaded shared library C:\Program Files\Java\jdk-20\bin\jimage.dll
Event: 1.845 Loaded shared library C:\Program Files\Java\jdk-20\bin\sunmscapi.dll
Event: 3.718 Loaded shared library C:\Program Files\Java\jdk-20\bin\management.dll
Event: 3.722 Loaded shared library C:\Program Files\Java\jdk-20\bin\management_ext.dll
Event: 4.423 Loaded shared library C:\Program Files\Java\jdk-20\bin\verify.dll

Deoptimization events (20 events):
Event: 5.646 Thread 0x000001d33f513a80 DEOPT PACKING pc=0x000001d3250e9db0 sp=0x00000010e33fe070
Event: 5.646 Thread 0x000001d33f513a80 DEOPT UNPACKING pc=0x000001d32c41a4c2 sp=0x00000010e33fd4a0 mode 0
Event: 5.646 Thread 0x000001d33f513a80 DEOPT PACKING pc=0x000001d3250e9de3 sp=0x00000010e33fe070
Event: 5.646 Thread 0x000001d33f513a80 DEOPT UNPACKING pc=0x000001d32c41a4c2 sp=0x00000010e33fd4a0 mode 0
Event: 5.650 Thread 0x000001d33f513a80 DEOPT PACKING pc=0x000001d3250e9db0 sp=0x00000010e33fe320
Event: 5.651 Thread 0x000001d33f513a80 DEOPT UNPACKING pc=0x000001d32c41a4c2 sp=0x00000010e33fd750 mode 0
Event: 5.652 Thread 0x000001d33f513a80 DEOPT PACKING pc=0x000001d3250e9de3 sp=0x00000010e33fe190
Event: 5.652 Thread 0x000001d33f513a80 DEOPT UNPACKING pc=0x000001d32c41a4c2 sp=0x00000010e33fd5c0 mode 0
Event: 5.653 Thread 0x000001d33f513a80 DEOPT PACKING pc=0x000001d3250e9db0 sp=0x00000010e33fdcf0
Event: 5.653 Thread 0x000001d33f513a80 DEOPT UNPACKING pc=0x000001d32c41a4c2 sp=0x00000010e33fd120 mode 0
Event: 5.653 Thread 0x000001d33f513a80 DEOPT PACKING pc=0x000001d3250e9de3 sp=0x00000010e33fe180
Event: 5.653 Thread 0x000001d33f513a80 DEOPT UNPACKING pc=0x000001d32c41a4c2 sp=0x00000010e33fd5b0 mode 0
Event: 5.700 Thread 0x000001d33f513a80 Uncommon trap: trap_request=0xffffff45 fr.pc=0x000001d32c9ca25c relative=0x000000000000053c
Event: 5.700 Thread 0x000001d33f513a80 Uncommon trap: reason=unstable_if action=reinterpret pc=0x000001d32c9ca25c method=java.lang.AbstractStringBuilder.append(Ljava/lang/String;)Ljava/lang/AbstractStringBuilder; @ 1 c2
Event: 5.700 Thread 0x000001d33f513a80 DEOPT PACKING pc=0x000001d32c9ca25c sp=0x00000010e33fece0
Event: 5.700 Thread 0x000001d33f513a80 DEOPT UNPACKING pc=0x000001d32c419d22 sp=0x00000010e33fec60 mode 2
Event: 5.735 Thread 0x000001d31cde11d0 Uncommon trap: trap_request=0xffffffde fr.pc=0x000001d32cad09cc relative=0x0000000000000dac
Event: 5.735 Thread 0x000001d31cde11d0 Uncommon trap: reason=class_check action=maybe_recompile pc=0x000001d32cad09cc method=java.util.concurrent.ConcurrentHashMap.putVal(Ljava/lang/Object;Ljava/lang/Object;Z)Ljava/lang/Object; @ 159 c2
Event: 5.735 Thread 0x000001d31cde11d0 DEOPT PACKING pc=0x000001d32cad09cc sp=0x00000010e0ffe2f0
Event: 5.735 Thread 0x000001d31cde11d0 DEOPT UNPACKING pc=0x000001d32c419d22 sp=0x00000010e0ffe290 mode 2

Classes loaded (20 events):
Event: 5.358 Loading class sun/security/ssl/NewSessionTicket$NewSessionTicketMessage done
Event: 5.358 Loading class sun/security/ssl/NewSessionTicket$T13NewSessionTicketMessage done
Event: 5.484 Loading class java/util/concurrent/ThreadPoolExecutor$CallerRunsPolicy
Event: 5.484 Loading class java/util/concurrent/ThreadPoolExecutor$CallerRunsPolicy done
Event: 5.485 Loading class java/util/concurrent/atomic/AtomicReferenceFieldUpdater
Event: 5.485 Loading class java/util/concurrent/atomic/AtomicReferenceFieldUpdater done
Event: 5.485 Loading class java/util/concurrent/atomic/AtomicReferenceFieldUpdater$AtomicReferenceFieldUpdaterImpl
Event: 5.485 Loading class java/util/concurrent/atomic/AtomicReferenceFieldUpdater$AtomicReferenceFieldUpdaterImpl done
Event: 5.485 Loading class java/util/concurrent/atomic/AtomicReferenceFieldUpdater$AtomicReferenceFieldUpdaterImpl$1
Event: 5.486 Loading class java/util/concurrent/atomic/AtomicReferenceFieldUpdater$AtomicReferenceFieldUpdaterImpl$1 done
Event: 5.498 Loading class java/util/TimerTask
Event: 5.498 Loading class java/util/TimerTask done
Event: 5.661 Loading class java/util/regex/Pattern$1MatcherIterator
Event: 5.661 Loading class java/util/regex/Pattern$1MatcherIterator done
Event: 5.687 Loading class java/io/CharArrayWriter
Event: 5.687 Loading class java/io/CharArrayWriter done
Event: 5.687 Loading class java/lang/StringIndexOutOfBoundsException
Event: 5.687 Loading class java/lang/StringIndexOutOfBoundsException done
Event: 5.702 Loading class jdk/internal/reflect/MethodHandleIntegerFieldAccessorImpl
Event: 5.703 Loading class jdk/internal/reflect/MethodHandleIntegerFieldAccessorImpl done

Classes unloaded (0 events):
No events

Classes redefined (0 events):
No events

Internal exceptions (20 events):
Event: 3.388 Thread 0x000001d31cde11d0 Exception <a 'java/lang/NoSuchMethodError'{0x000000008baa1340}: 'int java.lang.invoke.DirectMethodHandle$Holder.invokeSpecialIFC(java.lang.Object, java.lang.Object, java.lang.Object)'> (0x000000008baa1340) 
thrown [s\open\src\hotspot\share\interpreter\linkResolver.cpp, line 773]
Event: 3.389 Thread 0x000001d31cde11d0 Exception <a 'java/lang/NoSuchMethodError'{0x000000008baaeea8}: 'void java.lang.invoke.DirectMethodHandle$Holder.invokeStatic(java.lang.Object, int, java.lang.Object)'> (0x000000008baaeea8) 
thrown [s\open\src\hotspot\share\interpreter\linkResolver.cpp, line 773]
Event: 3.395 Thread 0x000001d31cde11d0 Exception <a 'java/lang/NoSuchMethodError'{0x000000008baec730}: 'void java.lang.invoke.DirectMethodHandle$Holder.invokeStatic(java.lang.Object, java.lang.Object, java.lang.Object, int, java.lang.Object)'> (0x000000008baec730) 
thrown [s\open\src\hotspot\share\interpreter\linkResolver.cpp, line 773]
Event: 3.395 Thread 0x000001d31cde11d0 Exception <a 'java/lang/NoSuchMethodError'{0x000000008baf3868}: 'java.lang.Object java.lang.invoke.DirectMethodHandle$Holder.newInvokeSpecial(java.lang.Object, java.lang.Object, java.lang.Object, int)'> (0x000000008baf3868) 
thrown [s\open\src\hotspot\share\interpreter\linkResolver.cpp, line 773]
Event: 3.396 Thread 0x000001d31cde11d0 Exception <a 'java/lang/NoSuchMethodError'{0x000000008baf7658}: 'java.lang.Object java.lang.invoke.DirectMethodHandle$Holder.invokeSpecial(java.lang.Object, java.lang.Object, java.lang.Object, java.lang.Object, int)'> (0x000000008baf7658) 
thrown [s\open\src\hotspot\share\interpreter\linkResolver.cpp, line 773]
Event: 3.396 Thread 0x000001d31cde11d0 Exception <a 'java/lang/NoSuchMethodError'{0x000000008bafaae0}: 'java.lang.Object java.lang.invoke.Invokers$Holder.linkToTargetMethod(java.lang.Object, java.lang.Object, int, java.lang.Object)'> (0x000000008bafaae0) 
thrown [s\open\src\hotspot\share\interpreter\linkResolver.cpp, line 773]
Event: 3.500 Thread 0x000001d31cde11d0 Exception <a 'java/lang/NoSuchMethodError'{0x000000008e7d6288}: 'java.lang.Object java.lang.invoke.DirectMethodHandle$Holder.invokeStaticInit(java.lang.Object, int, int, int, int)'> (0x000000008e7d6288) 
thrown [s\open\src\hotspot\share\interpreter\linkResolver.cpp, line 773]
Event: 3.545 Thread 0x000001d31cde11d0 Exception <a 'java/lang/NoSuchMethodError'{0x000000008e6ac238}: 'java.lang.Object java.lang.invoke.DirectMethodHandle$Holder.invokeStaticInit(java.lang.Object, java.lang.Object, int, int, int, int)'> (0x000000008e6ac238) 
thrown [s\open\src\hotspot\share\interpreter\linkResolver.cpp, line 773]
Event: 3.653 Thread 0x000001d31cde11d0 Exception <a 'java/lang/NoSuchMethodError'{0x000000008cf43780}: 'int java.lang.invoke.DirectMethodHandle$Holder.invokeVirtual(java.lang.Object, java.lang.Object, java.lang.Object, java.lang.Object)'> (0x000000008cf43780) 
thrown [s\open\src\hotspot\share\interpreter\linkResolver.cpp, line 773]
Event: 3.654 Thread 0x000001d31cde11d0 Exception <a 'java/lang/NoSuchMethodError'{0x000000008cf471e8}: 'int java.lang.invoke.DelegatingMethodHandle$Holder.reinvoke_L(java.lang.Object, java.lang.Object, java.lang.Object, java.lang.Object)'> (0x000000008cf471e8) 
thrown [s\open\src\hotspot\share\interpreter\linkResolver.cpp, line 773]
Event: 3.739 Thread 0x000001d31cde11d0 Exception <a 'java/io/FileNotFoundException'{0x000000008cd6ed10}> (0x000000008cd6ed10) 
thrown [s\open\src\hotspot\share\prims\jni.cpp, line 519]
Event: 3.785 Thread 0x000001d31cde11d0 Exception <a 'java/lang/NoSuchMethodError'{0x000000008cb40118}: 'int java.lang.invoke.DirectMethodHandle$Holder.invokeInterface(java.lang.Object, java.lang.Object, java.lang.Object, java.lang.Object)'> (0x000000008cb40118) 
thrown [s\open\src\hotspot\share\interpreter\linkResolver.cpp, line 773]
Event: 3.833 Thread 0x000001d31cde11d0 Exception <a 'java/lang/NoSuchMethodError'{0x000000008c916e20}: 'long java.lang.invoke.DirectMethodHandle$Holder.invokeVirtual(java.lang.Object, java.lang.Object)'> (0x000000008c916e20) 
thrown [s\open\src\hotspot\share\interpreter\linkResolver.cpp, line 773]
Event: 3.917 Thread 0x000001d31cde11d0 Exception <a 'java/lang/NoSuchMethodError'{0x000000008c42adc8}: 'java.lang.Object java.lang.invoke.DirectMethodHandle$Holder.newInvokeSpecial(java.lang.Object, java.lang.Object, java.lang.Object, java.lang.Object, java.lang.Object, java.lang.Object, java.lang.Object, java.lang.Object, java.lang.Object, java.lang.Object, java.lang.Object)'> (0x000000008c42adc8) 
thrown [s\open\src\hotspot\share\interpreter\linkResolver.cpp, line 773]
Event: 4.019 Thread 0x000001d31cde11d0 Exception <a 'java/lang/NoSuchMethodError'{0x000000008c14d2d8}: 'void java.lang.invoke.DelegatingMethodHandle$Holder.reinvoke_L(java.lang.Object, java.lang.Object, java.lang.Object, java.lang.Object, int, java.lang.Object, java.lang.Object, java.lang.Object)'> (0x000000008c14d2d8) 
thrown [s\open\src\hotspot\share\interpreter\linkResolver.cpp, line 773]
Event: 4.732 Thread 0x000001d31cde11d0 Exception <a 'java/lang/NoSuchMethodError'{0x0000000091bc5d68}: 'int java.lang.invoke.DirectMethodHandle$Holder.invokeStatic(java.lang.Object)'> (0x0000000091bc5d68) 
thrown [s\open\src\hotspot\share\interpreter\linkResolver.cpp, line 773]
Event: 5.028 Thread 0x000001d31cde11d0 Exception <a 'sun/nio/fs/WindowsException'{0x000000008cf29470}> (0x000000008cf29470) 
thrown [s\open\src\hotspot\share\prims\jni.cpp, line 519]
Event: 5.689 Thread 0x000001d31cde11d0 Exception <a 'java/lang/NoSuchMethodError'{0x000000008c730a10}: 'java.lang.Object java.lang.invoke.DirectMethodHandle$Holder.invokeStaticInit(java.lang.Object, java.lang.Object, java.lang.Object, java.lang.Object)'> (0x000000008c730a10) 
thrown [s\open\src\hotspot\share\interpreter\linkResolver.cpp, line 773]
Event: 5.700 Thread 0x000001d33f513a80 Implicit null exception at 0x000001d32c9c9d60 to 0x000001d32c9ca244
Event: 5.703 Thread 0x000001d31cde11d0 Exception <a 'java/lang/NoSuchMethodError'{0x000000008c7d9288}: 'int java.lang.invoke.Invokers$Holder.invokeExact_MT(java.lang.Object, java.lang.Object)'> (0x000000008c7d9288) 
thrown [s\open\src\hotspot\share\interpreter\linkResolver.cpp, line 773]

VM Operations (20 events):
Event: 3.859 Executing VM operation: HandshakeAllThreads
Event: 3.859 Executing VM operation: HandshakeAllThreads done
Event: 3.883 Executing VM operation: HandshakeAllThreads
Event: 3.883 Executing VM operation: HandshakeAllThreads done
Event: 4.043 Executing VM operation: G1CollectForAllocation
Event: 4.047 Executing VM operation: G1CollectForAllocation done
Event: 4.692 Executing VM operation: CollectForMetadataAllocation
Event: 4.695 Executing VM operation: CollectForMetadataAllocation done
Event: 4.706 Executing VM operation: G1PauseRemark
Event: 4.710 Executing VM operation: G1PauseRemark done
Event: 4.713 Executing VM operation: G1PauseCleanup
Event: 4.714 Executing VM operation: G1PauseCleanup done
Event: 4.910 Executing VM operation: HandshakeAllThreads
Event: 4.910 Executing VM operation: HandshakeAllThreads done
Event: 5.030 Executing VM operation: HandshakeAllThreads
Event: 5.030 Executing VM operation: HandshakeAllThreads done
Event: 5.037 Executing VM operation: HandshakeAllThreads
Event: 5.037 Executing VM operation: HandshakeAllThreads done
Event: 5.313 Executing VM operation: HandshakeAllThreads
Event: 5.313 Executing VM operation: HandshakeAllThreads done

Events (20 events):
Event: 4.709 Thread 0x000001d3398aa3e0 flushing nmethod 0x000001d32c979890
Event: 4.709 Thread 0x000001d3398aa3e0 flushing nmethod 0x000001d32c978990
Event: 4.709 Thread 0x000001d3398aa3e0 flushing nmethod 0x000001d32c95e910
Event: 4.709 Thread 0x000001d3398aa3e0 flushing nmethod 0x000001d32c97b810
Event: 4.709 Thread 0x000001d3398aa3e0 flushing nmethod 0x000001d32c97b490
Event: 4.709 Thread 0x000001d3398aa3e0 flushing nmethod 0x000001d32c988c10
Event: 4.709 Thread 0x000001d3398aa3e0 flushing nmethod 0x000001d32c98f510
Event: 4.709 Thread 0x000001d3398aa3e0 flushing nmethod 0x000001d32c97b190
Event: 4.709 Thread 0x000001d3398aa3e0 flushing nmethod 0x000001d32c96b310
Event: 4.709 Thread 0x000001d3398aa3e0 flushing nmethod 0x000001d32c96ac90
Event: 4.709 Thread 0x000001d3398aa3e0 flushing nmethod 0x000001d32c96a990
Event: 4.709 Thread 0x000001d3398aa3e0 flushing nmethod 0x000001d32c95c910
Event: 4.709 Thread 0x000001d3398aa3e0 flushing nmethod 0x000001d32c966b90
Event: 4.709 Thread 0x000001d3398aa3e0 flushing nmethod 0x000001d32c96c710
Event: 4.709 Thread 0x000001d3398aa3e0 flushing nmethod 0x000001d32c964190
Event: 4.709 Thread 0x000001d3398aa3e0 flushing nmethod 0x000001d32c96c410
Event: 4.709 Thread 0x000001d3398aa3e0 flushing nmethod 0x000001d32c962290
Event: 4.709 Thread 0x000001d3398aa3e0 flushing nmethod 0x000001d32c951410
Event: 5.482 Thread 0x000001d33f512540 Thread added: 0x000001d33f512540
Event: 5.588 Thread 0x000001d33f513a80 Thread added: 0x000001d33f513a80


Dynamic libraries:
0x00007ff655090000 - 0x00007ff6550a0000 	C:\Program Files\Java\jdk-20\bin\java.exe
0x00007ffa8b090000 - 0x00007ffa8b2a7000 	C:\WINDOWS\SYSTEM32\ntdll.dll
0x00007ffa8ad20000 - 0x00007ffa8ade4000 	C:\WINDOWS\System32\KERNEL32.DLL
0x00007ffa88a10000 - 0x00007ffa88dbd000 	C:\WINDOWS\System32\KERNELBASE.dll
0x00007ffa88590000 - 0x00007ffa886a1000 	C:\WINDOWS\System32\ucrtbase.dll
0x00007ffa62ab0000 - 0x00007ffa62acb000 	C:\Program Files\Java\jdk-20\bin\VCRUNTIME140.dll
0x00007ffa64b30000 - 0x00007ffa64b49000 	C:\Program Files\Java\jdk-20\bin\jli.dll
0x00007ffa895c0000 - 0x00007ffa89672000 	C:\WINDOWS\System32\ADVAPI32.dll
0x00007ffa8aa60000 - 0x00007ffa8ab07000 	C:\WINDOWS\System32\msvcrt.dll
0x00007ffa8afa0000 - 0x00007ffa8b049000 	C:\WINDOWS\System32\sechost.dll
0x00007ffa88870000 - 0x00007ffa88898000 	C:\WINDOWS\System32\bcrypt.dll
0x00007ffa893a0000 - 0x00007ffa894b4000 	C:\WINDOWS\System32\RPCRT4.dll
0x00007ffa896f0000 - 0x00007ffa8989e000 	C:\WINDOWS\System32\USER32.dll
0x00007ffa88560000 - 0x00007ffa88586000 	C:\WINDOWS\System32\win32u.dll
0x00007ffa8acf0000 - 0x00007ffa8ad19000 	C:\WINDOWS\System32\GDI32.dll
0x00007ffa6adf0000 - 0x00007ffa6b083000 	C:\WINDOWS\WinSxS\amd64_microsoft.windows.common-controls_6595b64144ccf1df_6.0.22621.3672_none_2713b9d173822955\COMCTL32.dll
0x00007ffa88750000 - 0x00007ffa88869000 	C:\WINDOWS\System32\gdi32full.dll
0x00007ffa886b0000 - 0x00007ffa8874a000 	C:\WINDOWS\System32\msvcp_win.dll
0x00007ffa821d0000 - 0x00007ffa821da000 	C:\WINDOWS\SYSTEM32\VERSION.dll
0x00007ffa8a940000 - 0x00007ffa8a971000 	C:\WINDOWS\System32\IMM32.DLL
0x00007ffa77e20000 - 0x00007ffa77e2c000 	C:\Program Files\Java\jdk-20\bin\vcruntime140_1.dll
0x00007ffa34a20000 - 0x00007ffa34aae000 	C:\Program Files\Java\jdk-20\bin\msvcp140.dll
0x00007ffa1e7b0000 - 0x00007ffa1f447000 	C:\Program Files\Java\jdk-20\bin\server\jvm.dll
0x00007ffa6ec70000 - 0x00007ffa6ec79000 	C:\WINDOWS\SYSTEM32\WSOCK32.dll
0x00007ffa89160000 - 0x00007ffa891d1000 	C:\WINDOWS\System32\WS2_32.dll
0x00007ffa82a30000 - 0x00007ffa82a64000 	C:\WINDOWS\SYSTEM32\WINMM.dll
0x00007ffa87450000 - 0x00007ffa87468000 	C:\WINDOWS\SYSTEM32\kernel.appcore.dll
0x00007ffa71980000 - 0x00007ffa7198a000 	C:\Program Files\Java\jdk-20\bin\jimage.dll
0x00007ffa7ec70000 - 0x00007ffa7eea2000 	C:\WINDOWS\SYSTEM32\DBGHELP.DLL
0x00007ffa88dd0000 - 0x00007ffa8915e000 	C:\WINDOWS\System32\combase.dll
0x00007ffa8a980000 - 0x00007ffa8aa57000 	C:\WINDOWS\System32\OLEAUT32.dll
0x00007ffa7a190000 - 0x00007ffa7a1c2000 	C:\WINDOWS\SYSTEM32\dbgcore.DLL
0x00007ffa883b0000 - 0x00007ffa8842b000 	C:\WINDOWS\System32\bcryptPrimitives.dll
0x00007ffa82c50000 - 0x00007ffa82c5e000 	C:\Program Files\Java\jdk-20\bin\instrument.dll
0x00007ffa542c0000 - 0x00007ffa542e6000 	C:\Program Files\Java\jdk-20\bin\java.dll
0x00007ffa33860000 - 0x00007ffa33937000 	C:\Program Files\Java\jdk-20\bin\jsvml.dll
0x00007ffa89f90000 - 0x00007ffa8a7f7000 	C:\WINDOWS\System32\SHELL32.dll
0x00007ffa862f0000 - 0x00007ffa86bef000 	C:\WINDOWS\SYSTEM32\windows.storage.dll
0x00007ffa861b0000 - 0x00007ffa862ef000 	C:\WINDOWS\SYSTEM32\wintypes.dll
0x00007ffa894c0000 - 0x00007ffa895b9000 	C:\WINDOWS\System32\SHCORE.dll
0x00007ffa892e0000 - 0x00007ffa8933e000 	C:\WINDOWS\System32\shlwapi.dll
0x00007ffa882e0000 - 0x00007ffa88307000 	C:\WINDOWS\SYSTEM32\profapi.dll
0x00007ffa54030000 - 0x00007ffa54048000 	C:\Program Files\Java\jdk-20\bin\zip.dll
0x00007ffa61010000 - 0x00007ffa61023000 	C:\Program Files\Java\jdk-20\bin\net.dll
0x00007ffa839c0000 - 0x00007ffa83af6000 	C:\WINDOWS\SYSTEM32\WINHTTP.dll
0x00007ffa87910000 - 0x00007ffa87979000 	C:\WINDOWS\system32\mswsock.dll
0x00007ffa60de0000 - 0x00007ffa60df6000 	C:\Program Files\Java\jdk-20\bin\nio.dll
0x00007ffa817a0000 - 0x00007ffa817ba000 	C:\Program Files\JetBrains\IntelliJ IDEA Community Edition 2022.2.3\bin\breakgen64.dll
0x00007ffa6e370000 - 0x00007ffa6e377000 	C:\Program Files\Java\jdk-20\bin\extnet.dll
0x00007ffa82aa0000 - 0x00007ffa82aae000 	C:\Program Files\Java\jdk-20\bin\sunmscapi.dll
0x00007ffa888a0000 - 0x00007ffa88a06000 	C:\WINDOWS\System32\CRYPT32.dll
0x00007ffa87d70000 - 0x00007ffa87d9e000 	C:\WINDOWS\SYSTEM32\ncrypt.dll
0x00007ffa87d30000 - 0x00007ffa87d67000 	C:\WINDOWS\SYSTEM32\NTASN1.dll
0x00007ffa87b60000 - 0x00007ffa87b7b000 	C:\WINDOWS\SYSTEM32\CRYPTSP.dll
0x00007ffa87410000 - 0x00007ffa87445000 	C:\WINDOWS\system32\rsaenh.dll
0x00007ffa879c0000 - 0x00007ffa879e8000 	C:\WINDOWS\SYSTEM32\USERENV.dll
0x00007ffa87b20000 - 0x00007ffa87b2c000 	C:\WINDOWS\SYSTEM32\CRYPTBASE.dll
0x00007ffa86f00000 - 0x00007ffa86f2d000 	C:\WINDOWS\SYSTEM32\IPHLPAPI.DLL
0x00007ffa89e20000 - 0x00007ffa89e29000 	C:\WINDOWS\System32\NSI.dll
0x00007ffa83bc0000 - 0x00007ffa83bd9000 	C:\WINDOWS\SYSTEM32\dhcpcsvc6.DLL
0x00007ffa83740000 - 0x00007ffa8375f000 	C:\WINDOWS\SYSTEM32\dhcpcsvc.DLL
0x00007ffa86f30000 - 0x00007ffa87028000 	C:\WINDOWS\SYSTEM32\DNSAPI.dll
0x00007ffa82ac0000 - 0x00007ffa82aca000 	C:\Program Files\Java\jdk-20\bin\management.dll
0x00007ffa82ab0000 - 0x00007ffa82abb000 	C:\Program Files\Java\jdk-20\bin\management_ext.dll
0x00007ffa89340000 - 0x00007ffa89348000 	C:\WINDOWS\System32\PSAPI.DLL
0x00007ffa6b0b0000 - 0x00007ffa6b0c0000 	C:\Program Files\Java\jdk-20\bin\verify.dll
0x00007ffa81b30000 - 0x00007ffa81b3a000 	C:\Windows\System32\rasadhlp.dll
0x00007ffa82700000 - 0x00007ffa82783000 	C:\WINDOWS\System32\fwpuclnt.dll

dbghelp: loaded successfully - version: 4.0.5 - missing functions: none
symbol engine: initialized successfully - sym options: 0x614 - pdb path: .;C:\Program Files\Java\jdk-20\bin;C:\WINDOWS\SYSTEM32;C:\WINDOWS\WinSxS\amd64_microsoft.windows.common-controls_6595b64144ccf1df_6.0.22621.3672_none_2713b9d173822955;C:\Program Files\Java\jdk-20\bin\server;C:\Program Files\JetBrains\IntelliJ IDEA Community Edition 2022.2.3\bin

VM Arguments:
jvm_args: -javaagent:C:\Program Files\JetBrains\IntelliJ IDEA Community Edition 2022.2.3\lib\idea_rt.jar=58591:C:\Program Files\JetBrains\IntelliJ IDEA Community Edition 2022.2.3\bin -Dfile.encoding=UTF-8 -Dsun.stdout.encoding=UTF-8 -Dsun.stderr.encoding=UTF-8 
java_command: CertifyOS.Email_Integration.EmailIntegrationApplication
java_class_path (initial): C:\Users\Ashwin Das\OneDrive\Desktop\Projects\Email_Integration\Email_Integration\target\classes;C:\Users\Ashwin Das\.m2\repository\org\springframework\boot\spring-boot-starter-data-jpa\3.2.2\spring-boot-starter-data-jpa-3.2.2.jar;C:\Users\Ashwin Das\.m2\repository\org\springframework\boot\spring-boot-starter-aop\3.2.2\spring-boot-starter-aop-3.2.2.jar;C:\Users\Ashwin Das\.m2\repository\org\springframework\spring-aop\6.1.3\spring-aop-6.1.3.jar;C:\Users\Ashwin Das\.m2\repository\org\aspectj\aspectjweaver\1.9.21\aspectjweaver-1.9.21.jar;C:\Users\Ashwin Das\.m2\repository\org\springframework\boot\spring-boot-starter-jdbc\3.2.2\spring-boot-starter-jdbc-3.2.2.jar;C:\Users\Ashwin Das\.m2\repository\com\zaxxer\HikariCP\5.0.1\HikariCP-5.0.1.jar;C:\Users\Ashwin Das\.m2\repository\org\springframework\spring-jdbc\6.1.3\spring-jdbc-6.1.3.jar;C:\Users\Ashwin Das\.m2\repository\org\hibernate\orm\hibernate-core\6.4.1.Final\hibernate-core-6.4.1.Final.jar;C:\Users\Ashwin Das\.m2\repository\jakarta\persistence\jakarta.persistence-api\3.1.0\jakarta.persistence-api-3.1.0.jar;C:\Users\Ashwin Das\.m2\repository\jakarta\transaction\jakarta.transaction-api\2.0.1\jakarta.transaction-api-2.0.1.jar;C:\Users\Ashwin Das\.m2\repository\org\jboss\logging\jboss-logging\3.5.3.Final\jboss-logging-3.5.3.Final.jar;C:\Users\Ashwin Das\.m2\repository\org\hibernate\common\hibernate-commons-annotations\6.0.6.Final\hibernate-commons-annotations-6.0.6.Final.jar;C:\Users\Ashwin Das\.m2\repository\io\smallrye\jandex\3.1.2\jandex-3.1.2.jar;C:\Users\Ashwin Das\.m2\repository\com\fasterxml\classmate\1.6.0\classmate-1.6.0.jar;C:\Users\Ashwin Das\.m2\repository\net\bytebuddy\byte-buddy\1.14.11\byte-buddy-1.14.11.jar;C:\Users\Ashwin Das\.m2\repository\org\glassfish\jaxb\jaxb-runtime\4.0.4\jaxb-runtime-4.0.4.jar;C:\Users\Ashwin Das\.m2\repository\org\glassfish\jaxb\jaxb-core\4.0.4\jaxb-core-4.0.4.jar;C:\Users\Ashwin Das\.m2\repository\org\glassfish\jaxb\txw2\4.0.4\txw2-4.0.4.jar;C:\Users\Ashwin Das\.m2\repository\com\sun\istack\istack-commons-runtime\4.1.2\istack-commons-runtime-4.1.2.jar;C:\Users\Ashwin Das\.m2\repository\jakarta\inject\jakarta.inject-api\2.0.1\jakarta.inject-api-2.0.1.jar;C:\Users\Ashwin Das\.m2\repository\org\antlr\antlr4-runtime\4.13.0\antlr4-runtime-4.13.0.jar;C:\Users\Ashwin Das\.m2\repository\org\springframework\data\spring-data-jpa\3.2.2\spring-data-jpa-3.2.2.jar;C:\Users\Ashwin Das\.m2\repository\org\springframework\data\spring-data-commons\3.2.2\spring-data-commons-3.2.2.jar;C:\Users\Ashwin Das\.m2\repository\org\springframework\spring-orm\6.1.3\spring-orm-6.1.3.jar;C:\Users\Ashwin Das\.m2\repository\org\springframework\spring-context\6.1.3\spring-context-6.1.3.jar;C:\Users\Ashwin Das\.m2\repository\org\springframework\spring-tx\6.1.3\spring-tx-6.1.3.jar;C:\Users\Ashwin Das\.m2\repository\org\springframework\spring-beans\6.1.3\spring-beans-6.1.3.jar;C:\Users\Ashwin Das\.m2\repository\jakarta\annotation\jakarta.annotation-api\2.1.1\jakarta.annotation-api-2.1.1.jar;C:\Users\Ashwin Das\.m2\repository\org\slf4j\slf4j-api\2.0.11\slf4j-api-2.0.11.jar;C:\Users\Ashwin Das\.m2\repository\org\springframework\spring-aspects\6.1.3\spring-aspects-6.1.3.jar;C:\Users\Ashwin Das\.m2\repository\org\springframework\boot\spring-boot-starter-mail\3.2.2\spring-boot-starter-mail-3.2.2.jar;C:\Users\Ashwin Das\.m2\repository\org\springframework\boot\spring-boot-starter\3.2.2\spring-boot-starter-3.2.2.jar;C:\Users\Ashwin Das\.m2\repository\org\springframework\boot\spring-boot\3.2.2\spring-boot-3.2.2.jar;C:\Users\Ashwin Das\.m2\repository\org\springframework\boot\spring-boot-autoconfigure\3.2.2\spring-boot-autoconfigure-3.2.2.jar;C:\Users\Ashwin Das\.m2\repository\org\springframework\boot\spring-boot-starter-logging\3.2.2\spring-boot-starter-logging-3.2.2.jar;C:\Users\Ashwin Das\.m2\repository\ch\qos\logback\logback-classic\1.4.14\logback-classic-1.4.14.jar;C:\Users\Ashwin Das\.m2\repository\ch\qos\logback\logback-core\1.4.14\logback-core-1.4.14.jar;C:\Users\Ashwin Das\.m2\repository\org\apache\logging\log4j\log4j-to-slf4j\2.21.1\log4j-to-slf4j-2.21.1.jar;C:\Users\Ashwin Das\.m2\repository\org\apache\logging\log4j\log4j-api\2.21.1\log4j-api-2.21.1.jar;C:\Users\Ashwin Das\.m2\repository\org\slf4j\jul-to-slf4j\2.0.11\jul-to-slf4j-2.0.11.jar;C:\Users\Ashwin Das\.m2\repository\org\yaml\snakeyaml\2.2\snakeyaml-2.2.jar;C:\Users\Ashwin Das\.m2\repository\org\springframework\spring-context-support\6.1.3\spring-context-support-6.1.3.jar;C:\Users\Ashwin Das\.m2\repository\org\eclipse\angus\jakarta.mail\2.0.2\jakarta.mail-2.0.2.jar;C:\Users\Ashwin Das\.m2\repository\jakarta\activation\jakarta.activation-api\2.1.2\jakarta.activation-api-2.1.2.jar;C:\Users\Ashwin Das\.m2\repository\org\eclipse\angus\angus-activation\2.0.1\angus-activation-2.0.1.jar;C:\Users\Ashwin Das\.m2\repository\org\springframework\boot\spring-boot-starter-web\3.2.2\spring-boot-starter-web-3.2.2.jar;C:\Users\Ashwin Das\.m2\repository\org\springframework\boot\spring-boot-starter-json\3.2.2\spring-boot-starter-json-3.2.2.jar;C:\Users\Ashwin Das\.m2\repository\com\fasterxml\jackson\core\jackson-databind\2.15.3\jackson-databind-2.15.3.jar;C:\Users\Ashwin Das\.m2\repository\com\fasterxml\jackson\core\jackson-annotations\2.15.3\jackson-annotations-2.15.3.jar;C:\Users\Ashwin Das\.m2\repository\com\fasterxml\jackson\core\jackson-core\2.15.3\jackson-core-2.15.3.jar;C:\Users\Ashwin Das\.m2\repository\com\fasterxml\jackson\datatype\jackson-datatype-jdk8\2.15.3\jackson-datatype-jdk8-2.15.3.jar;C:\Users\Ashwin Das\.m2\repository\com\fasterxml\jackson\datatype\jackson-datatype-jsr310\2.15.3\jackson-datatype-jsr310-2.15.3.jar;C:\Users\Ashwin Das\.m2\repository\com\fasterxml\jackson\module\jackson-module-parameter-names\2.15.3\jackson-module-parameter-names-2.15.3.jar;C:\Users\Ashwin Das\.m2\repository\org\springframework\boot\spring-boot-starter-tomcat\3.2.2\spring-boot-starter-tomcat-3.2.2.jar;C:\Users\Ashwin Das\.m2\repository\org\apache\tomcat\embed\tomcat-embed-core\10.1.18\tomcat-embed-core-10.1.18.jar;C:\Users\Ashwin Das\.m2\repository\org\apache\tomcat\embed\tomcat-embed-el\10.1.18\tomcat-embed-el-10.1.18.jar;C:\Users\Ashwin Das\.m2\repository\org\apache\tomcat\embed\tomcat-embed-websocket\10.1.18\tomcat-embed-websocket-10.1.18.jar;C:\Users\Ashwin Das\.m2\repository\org\springframework\spring-web\6.1.3\spring-web-6.1.3.jar;C:\Users\Ashwin Das\.m2\repository\io\micrometer\micrometer-observation\1.12.2\micrometer-observation-1.12.2.jar;C:\Users\Ashwin Das\.m2\repository\io\micrometer\micrometer-commons\1.12.2\micrometer-commons-1.12.2.jar;C:\Users\Ashwin Das\.m2\repository\org\springframework\spring-webmvc\6.1.3\spring-webmvc-6.1.3.jar;C:\Users\Ashwin Das\.m2\repository\org\springframework\spring-expression\6.1.3\spring-expression-6.1.3.jar;C:\Users\Ashwin Das\.m2\repository\com\mysql\mysql-connector-j\8.3.0\mysql-connector-j-8.3.0.jar;C:\Users\Ashwin Das\.m2\repository\org\projectlombok\lombok\1.18.30\lombok-1.18.30.jar;C:\Users\Ashwin Das\.m2\repository\org\springdoc\springdoc-openapi-starter-webmvc-ui\2.2.0\springdoc-openapi-starter-webmvc-ui-2.2.0.jar;C:\Users\Ashwin Das\.m2\repository\org\springdoc\springdoc-openapi-starter-webmvc-api\2.2.0\springdoc-openapi-starter-webmvc-api-2.2.0.jar;C:\Users\Ashwin Das\.m2\repository\org\springdoc\springdoc-openapi-starter-common\2.2.0\springdoc-openapi-starter-common-2.2.0.jar;C:\Users\Ashwin Das\.m2\repository\io\swagger\core\v3\swagger-core-jakarta\2.2.15\swagger-core-jakarta-2.2.15.jar;C:\Users\Ashwin Das\.m2\repository\org\apache\commons\commons-lang3\3.13.0\commons-lang3-3.13.0.jar;C:\Users\Ashwin Das\.m2\repository\io\swagger\core\v3\swagger-annotations-jakarta\2.2.15\swagger-annotations-jakarta-2.2.15.jar;C:\Users\Ashwin Das\.m2\repository\io\swagger\core\v3\swagger-models-jakarta\2.2.15\swagger-models-jakarta-2.2.15.jar;C:\Users\Ashwin Das\.m2\repository\jakarta\validation\jakarta.validation-api\3.0.2\jakarta.validation-api-3.0.2.jar;C:\Users\Ashwin Das\.m2\repository\com\fasterxml\jackson\dataformat\jackson-dataformat-yaml\2.15.3\jackson-dataformat-yaml-2.15.3.jar;C:\Users\Ashwin Das\.m2\repository\org\webjars\swagger-ui\5.2.0\swagger-ui-5.2.0.jar;C:\Users\Ashwin Das\.m2\repository\jakarta\xml\bind\jakarta.xml.bind-api\4.0.1\jakarta.xml.bind-api-4.0.1.jar;C:\Users\Ashwin Das\.m2\repository\org\springframework\spring-core\6.1.3\spring-core-6.1.3.jar;C:\Users\Ashwin Das\.m2\repository\org\springframework\spring-jcl\6.1.3\spring-jcl-6.1.3.jar
Launcher Type: SUN_STANDARD

[Global flags]
     intx CICompilerCount                          = 4                                         {product} {ergonomic}
     uint ConcGCThreads                            = 3                                         {product} {ergonomic}
     uint G1ConcRefinementThreads                  = 10                                        {product} {ergonomic}
   size_t G1HeapRegionSize                         = 1048576                                   {product} {ergonomic}
    uintx GCDrainStackTargetSize                   = 64                                        {product} {ergonomic}
   size_t InitialHeapSize                          = 123731968                                 {product} {ergonomic}
   size_t MarkStackSize                            = 4194304                                   {product} {ergonomic}
   size_t MaxHeapSize                              = 1973420032                                {product} {ergonomic}
   size_t MaxNewSize                               = 1183842304                                {product} {ergonomic}
   size_t MinHeapDeltaBytes                        = 1048576                                   {product} {ergonomic}
   size_t MinHeapSize                              = 8388608                                   {product} {ergonomic}
    uintx NonNMethodCodeHeapSize                   = 5839372                                {pd product} {ergonomic}
    uintx NonProfiledCodeHeapSize                  = 122909434                              {pd product} {ergonomic}
    uintx ProfiledCodeHeapSize                     = 122909434                              {pd product} {ergonomic}
    uintx ReservedCodeCacheSize                    = 251658240                              {pd product} {ergonomic}
     bool SegmentedCodeCache                       = true                                      {product} {ergonomic}
   size_t SoftMaxHeapSize                          = 1973420032                             {manageable} {ergonomic}
     bool UseCompressedClassPointers               = true                           {product lp64_product} {ergonomic}
     bool UseCompressedOops                        = true                           {product lp64_product} {ergonomic}
     bool UseG1GC                                  = true                                      {product} {ergonomic}
     bool UseLargePagesIndividualAllocation        = false                                  {pd product} {ergonomic}

Logging:
Log output configuration:
 #0: stdout all=warning uptime,level,tags foldmultilines=false
 #1: stderr all=off uptime,level,tags foldmultilines=false

Environment Variables:
JAVA_HOME=C:\Program Files\Java\jdk-19
PATH=C:\Program Files\Common Files\Oracle\Java\javapath;C:\WINDOWS\system32;C:\WINDOWS;C:\WINDOWS\System32\Wbem;C:\WINDOWS\System32\WindowsPowerShell\v1.0\;C:\WINDOWS\System32\OpenSSH\;C:\Program Files\Java\jdk-19\bin;C:\Program Files\Git\cmd;C:\Program Files (x86)\Microsoft SQL Server\160\Tools\Binn\;C:\Program Files\Microsoft SQL Server\160\Tools\Binn\;C:\Program Files\Microsoft SQL Server\Client SDK\ODBC\170\Tools\Binn\;C:\Program Files\Microsoft SQL Server\160\DTS\Binn\;C:\Program Files\MySQL\MySQL Server 8.1\bin;C:\Program Files (x86)\Microsoft SQL Server\160\DTS\Binn\;C:\Program Files\Azure Data Studio\bin;C:\Maven\apache-maven-3.9.4-bin\bin;C:\Program Files (x86)\nodejs\;C:\Program Files\HP\HP One Agent;C:\Program Files\PowerShell\7\;C:\Users\Ashwin Das\AppData\Local\Programs\Python\Launcher\;C:\Users\Ashwin Das\AppData\Local\Microsoft\WindowsApps;C:\Users\Ashwin Das\AppData\Local\Programs\Microsoft VS Code\bin;C:\Program Files\Azure Data Studio\bin;C:\Users\Ashwin Das\AppData\Local\Programs\mongosh\;C:\Users\Ashwin Das\AppData\Roaming\npm;C:\Users\Ashwin Das\AppData\Local\Programs\Python\Python312;;
USERNAME=Ashwin Das
OS=Windows_NT
PROCESSOR_IDENTIFIER=AMD64 Family 25 Model 80 Stepping 0, AuthenticAMD
TMP=C:\Users\ASHWIN~1\AppData\Local\Temp
TEMP=C:\Users\ASHWIN~1\AppData\Local\Temp




---------------  S Y S T E M  ---------------

OS:
 Windows 11 , 64 bit Build 22621 (10.0.22621.3958)
OS uptime: 3 days 13:39 hours
Hyper-V role detected

CPU: total 12 (initial active 12) (12 cores per cpu, 2 threads per core) family 25 model 80 stepping 0 microcode 0x0, cx8, cmov, fxsr, ht, mmx, 3dnowpref, sse, sse2, sse3, ssse3, sse4a, sse4.1, sse4.2, popcnt, lzcnt, tsc, tscinvbit, avx, avx2, aes, erms, clmul, bmi1, bmi2, adx, sha, fma, vzeroupper, clflush, clflushopt, hv, rdtscp, rdpid, fsrm, f16c, cet_ss

Memory: 4k page, system-wide physical 7521M (75M free)
TotalPageFile size 31073M (AvailPageFile size 0M)
current process WorkingSet (physical memory assigned to process): 183M, peak: 190M
current process commit charge ("private bytes"): 225M, peak: 265M

vm_info: Java HotSpot(TM) 64-Bit Server VM (20.0.1+9-29) for windows-amd64 JRE (20.0.1+9-29), built on 2023-03-07T13:56:11Z by "mach5one" with MS VC++ 17.1 (VS2022)

END.
